<?xml version="1.0" encoding="UTF-8"?>
<testng-results ignored="0" total="1" passed="1" failed="0" skipped="0">
  <reporter-output>
  </reporter-output>
  <suite started-at="2023-08-24T14:32:10Z" name="Default suite" finished-at="2023-08-24T14:32:14Z" duration-ms="3452">
    <groups>
    </groups>
    <test started-at="2023-08-24T14:32:10Z" name="Default test" finished-at="2023-08-24T14:32:14Z" duration-ms="3452">
      <class name="org.testing.testscripts.testcase1">
        <test-method signature="tc1()[pri:0, instance:org.testing.testscripts.testcase1@78aa1f72]" started-at="2023-08-24T20:02:10Z" name="tc1" finished-at="2023-08-24T20:02:14Z" duration-ms="3414" status="PASS">
          <reporter-output>
          </reporter-output>
        </test-method> <!-- tc1 -->
      </class> <!-- org.testing.testscripts.testcase1 -->
    </test> <!-- Default test -->
  </suite> <!-- Default suite -->
</testng-results>
